-- The C compiler identification is GNU 9.4.0
-- The CXX compiler identification is GNU 9.4.0
-- Check for working C compiler: /usr/bin/cc
-- Check for working C compiler: /usr/bin/cc -- works
-- Detecting C compiler ABI info
-- Detecting C compiler ABI info - done
-- Detecting C compile features
-- Detecting C compile features - done
-- Check for working CXX compiler: /usr/bin/c++
-- Check for working CXX compiler: /usr/bin/c++ -- works
-- Detecting CXX compiler ABI info
-- Detecting CXX compiler ABI info - done
-- Detecting CXX compile features
-- Detecting CXX compile features - done
-- Found ament_cmake: 0.9.12 (/opt/ros/foxy/share/ament_cmake/cmake)
-- Found PythonInterp: /usr/bin/python3 (found suitable version "3.8.10", minimum required is "3") 
-- Using PYTHON_EXECUTABLE: /usr/bin/python3
-- Configuring done
-- Generating done
-- Build files have been written to: /home/agilex/limo_ros2_ws/src/limo_ros2/limo_bringup/build/limo_bringup
-- Install configuration: ""
-- Installing: /home/agilex/limo_ros2_ws/src/limo_ros2/limo_bringup/install/limo_bringup/share/limo_bringup//rviz
-- Installing: /home/agilex/limo_ros2_ws/src/limo_ros2/limo_bringup/install/limo_bringup/share/limo_bringup//rviz/limon_navigation.rviz
-- Installing: /home/agilex/limo_ros2_ws/src/limo_ros2/limo_bringup/install/limo_bringup/share/limo_bringup//rviz/rtabmap.rviz
-- Installing: /home/agilex/limo_ros2_ws/src/limo_ros2/limo_bringup/install/limo_bringup/share/limo_bringup//rviz/demo_2d.rviz
-- Installing: /home/agilex/limo_ros2_ws/src/limo_ros2/limo_bringup/install/limo_bringup/share/limo_bringup//param
-- Installing: /home/agilex/limo_ros2_ws/src/limo_ros2/limo_bringup/install/limo_bringup/share/limo_bringup//param/nav2.yaml
-- Installing: /home/agilex/limo_ros2_ws/src/limo_ros2/limo_bringup/install/limo_bringup/share/limo_bringup//param/nav2_rtab_diff.yaml
-- Installing: /home/agilex/limo_ros2_ws/src/limo_ros2/limo_bringup/install/limo_bringup/share/limo_bringup//param/nav2_ackermann.yaml
-- Installing: /home/agilex/limo_ros2_ws/src/limo_ros2/limo_bringup/install/limo_bringup/share/limo_bringup//param/nav2_ackermann_rtab.yaml
-- Installing: /home/agilex/limo_ros2_ws/src/limo_ros2/limo_bringup/install/limo_bringup/share/limo_bringup//param/amcl_params.yaml
-- Installing: /home/agilex/limo_ros2_ws/src/limo_ros2/limo_bringup/install/limo_bringup/share/limo_bringup//param/costmap_global_static.yaml
-- Installing: /home/agilex/limo_ros2_ws/src/limo_ros2/limo_bringup/install/limo_bringup/share/limo_bringup//param/ydlidar.yaml
-- Installing: /home/agilex/limo_ros2_ws/src/limo_ros2/limo_bringup/install/limo_bringup/share/limo_bringup//param/planner.yaml
-- Installing: /home/agilex/limo_ros2_ws/src/limo_ros2/limo_bringup/install/limo_bringup/share/limo_bringup//param/costmap_common.yaml
-- Installing: /home/agilex/limo_ros2_ws/src/limo_ros2/limo_bringup/install/limo_bringup/share/limo_bringup//param/nav2_ackermann_foxy.yaml
-- Installing: /home/agilex/limo_ros2_ws/src/limo_ros2/limo_bringup/install/limo_bringup/share/limo_bringup//param/costmap_global_laser.yaml
-- Installing: /home/agilex/limo_ros2_ws/src/limo_ros2/limo_bringup/install/limo_bringup/share/limo_bringup//param/costmap_local.yaml
-- Installing: /home/agilex/limo_ros2_ws/src/limo_ros2/limo_bringup/install/limo_bringup/share/limo_bringup//maps
-- Installing: /home/agilex/limo_ros2_ws/src/limo_ros2/limo_bringup/install/limo_bringup/share/limo_bringup//maps/map.yaml
-- Installing: /home/agilex/limo_ros2_ws/src/limo_ros2/limo_bringup/install/limo_bringup/share/limo_bringup//maps/map1021.pgm
-- Installing: /home/agilex/limo_ros2_ws/src/limo_ros2/limo_bringup/install/limo_bringup/share/limo_bringup//maps/limo.yaml
-- Installing: /home/agilex/limo_ros2_ws/src/limo_ros2/limo_bringup/install/limo_bringup/share/limo_bringup//maps/limo.pgm
-- Installing: /home/agilex/limo_ros2_ws/src/limo_ros2/limo_bringup/install/limo_bringup/share/limo_bringup//maps/map1021.yaml
-- Installing: /home/agilex/limo_ros2_ws/src/limo_ros2/limo_bringup/install/limo_bringup/share/limo_bringup//maps/map11.pgm
-- Installing: /home/agilex/limo_ros2_ws/src/limo_ros2/limo_bringup/install/limo_bringup/share/limo_bringup//maps/map.pgm
-- Installing: /home/agilex/limo_ros2_ws/src/limo_ros2/limo_bringup/install/limo_bringup/share/limo_bringup//maps/map11.yaml
-- Installing: /home/agilex/limo_ros2_ws/src/limo_ros2/limo_bringup/install/limo_bringup/share/limo_bringup//maps/zhiyuan.yaml
-- Installing: /home/agilex/limo_ros2_ws/src/limo_ros2/limo_bringup/install/limo_bringup/share/limo_bringup//maps/zhiyuan.pgm
-- Installing: /home/agilex/limo_ros2_ws/src/limo_ros2/limo_bringup/install/limo_bringup/share/limo_bringup//config_files
-- Installing: /home/agilex/limo_ros2_ws/src/limo_ros2/limo_bringup/install/limo_bringup/share/limo_bringup//config_files/limo_lds_2d.lua
-- Installing: /home/agilex/limo_ros2_ws/src/limo_ros2/limo_bringup/install/limo_bringup/share/limo_bringup//config_files/slam_box.yaml
-- Installing: /home/agilex/limo_ros2_ws/src/limo_ros2/limo_bringup/install/limo_bringup/share/limo_bringup//launch
-- Installing: /home/agilex/limo_ros2_ws/src/limo_ros2/limo_bringup/install/limo_bringup/share/limo_bringup//launch/limon_teletop_keyboard.launch.py
-- Installing: /home/agilex/limo_ros2_ws/src/limo_ros2/limo_bringup/install/limo_bringup/share/limo_bringup//launch/rtabmap_rgbd_sync.launch.py
-- Installing: /home/agilex/limo_ros2_ws/src/limo_ros2/limo_bringup/install/limo_bringup/share/limo_bringup//launch/limo_navigation.launch.py
-- Installing: /home/agilex/limo_ros2_ws/src/limo_ros2/limo_bringup/install/limo_bringup/share/limo_bringup//launch/limo_rtab_nav2_ackermann.launch.py
-- Installing: /home/agilex/limo_ros2_ws/src/limo_ros2/limo_bringup/install/limo_bringup/share/limo_bringup//launch/cartographer.launch.py
-- Installing: /home/agilex/limo_ros2_ws/src/limo_ros2/limo_bringup/install/limo_bringup/share/limo_bringup//launch/limo_start_navigation.launch.py
-- Installing: /home/agilex/limo_ros2_ws/src/limo_ros2/limo_bringup/install/limo_bringup/share/limo_bringup//launch/limo_nav2.launch.py
-- Installing: /home/agilex/limo_ros2_ws/src/limo_ros2/limo_bringup/install/limo_bringup/share/limo_bringup//launch/limo_localization.launch.py
-- Installing: /home/agilex/limo_ros2_ws/src/limo_ros2/limo_bringup/install/limo_bringup/share/limo_bringup//launch/limo_rtab_nav2_diff.launch.py
-- Installing: /home/agilex/limo_ros2_ws/src/limo_ros2/limo_bringup/install/limo_bringup/share/limo_bringup//launch/occupancy_grid.launch.py
-- Installing: /home/agilex/limo_ros2_ws/src/limo_ros2/limo_bringup/install/limo_bringup/share/limo_bringup//launch/limo_start.launch.py
-- Installing: /home/agilex/limo_ros2_ws/src/limo_ros2/limo_bringup/install/limo_bringup/share/limo_bringup//launch/navigation2.launch.py
-- Installing: /home/agilex/limo_ros2_ws/src/limo_ros2/limo_bringup/install/limo_bringup/share/limo_bringup//launch/limo_rtab_slam.launch.py
-- Installing: /home/agilex/limo_ros2_ws/src/limo_ros2/limo_bringup/install/limo_bringup/share/limo_bringup//launch/limo_nav2_ackmann.launch.py
-- Up-to-date: /home/agilex/limo_ros2_ws/src/limo_ros2/limo_bringup/install/limo_bringup/share/limo_bringup//launch
-- Up-to-date: /home/agilex/limo_ros2_ws/src/limo_ros2/limo_bringup/install/limo_bringup/share/limo_bringup//launch/limon_teletop_keyboard.launch.py
-- Up-to-date: /home/agilex/limo_ros2_ws/src/limo_ros2/limo_bringup/install/limo_bringup/share/limo_bringup//launch/rtabmap_rgbd_sync.launch.py
-- Up-to-date: /home/agilex/limo_ros2_ws/src/limo_ros2/limo_bringup/install/limo_bringup/share/limo_bringup//launch/limo_navigation.launch.py
-- Up-to-date: /home/agilex/limo_ros2_ws/src/limo_ros2/limo_bringup/install/limo_bringup/share/limo_bringup//launch/limo_rtab_nav2_ackermann.launch.py
-- Up-to-date: /home/agilex/limo_ros2_ws/src/limo_ros2/limo_bringup/install/limo_bringup/share/limo_bringup//launch/cartographer.launch.py
-- Up-to-date: /home/agilex/limo_ros2_ws/src/limo_ros2/limo_bringup/install/limo_bringup/share/limo_bringup//launch/limo_start_navigation.launch.py
-- Up-to-date: /home/agilex/limo_ros2_ws/src/limo_ros2/limo_bringup/install/limo_bringup/share/limo_bringup//launch/limo_nav2.launch.py
-- Up-to-date: /home/agilex/limo_ros2_ws/src/limo_ros2/limo_bringup/install/limo_bringup/share/limo_bringup//launch/limo_localization.launch.py
-- Up-to-date: /home/agilex/limo_ros2_ws/src/limo_ros2/limo_bringup/install/limo_bringup/share/limo_bringup//launch/limo_rtab_nav2_diff.launch.py
-- Up-to-date: /home/agilex/limo_ros2_ws/src/limo_ros2/limo_bringup/install/limo_bringup/share/limo_bringup//launch/occupancy_grid.launch.py
-- Up-to-date: /home/agilex/limo_ros2_ws/src/limo_ros2/limo_bringup/install/limo_bringup/share/limo_bringup//launch/limo_start.launch.py
-- Up-to-date: /home/agilex/limo_ros2_ws/src/limo_ros2/limo_bringup/install/limo_bringup/share/limo_bringup//launch/navigation2.launch.py
-- Up-to-date: /home/agilex/limo_ros2_ws/src/limo_ros2/limo_bringup/install/limo_bringup/share/limo_bringup//launch/limo_rtab_slam.launch.py
-- Up-to-date: /home/agilex/limo_ros2_ws/src/limo_ros2/limo_bringup/install/limo_bringup/share/limo_bringup//launch/limo_nav2_ackmann.launch.py
-- Installing: /home/agilex/limo_ros2_ws/src/limo_ros2/limo_bringup/install/limo_bringup/share/ament_index/resource_index/package_run_dependencies/limo_bringup
-- Installing: /home/agilex/limo_ros2_ws/src/limo_ros2/limo_bringup/install/limo_bringup/share/ament_index/resource_index/parent_prefix_path/limo_bringup
-- Installing: /home/agilex/limo_ros2_ws/src/limo_ros2/limo_bringup/install/limo_bringup/share/limo_bringup/environment/ament_prefix_path.sh
-- Installing: /home/agilex/limo_ros2_ws/src/limo_ros2/limo_bringup/install/limo_bringup/share/limo_bringup/environment/ament_prefix_path.dsv
-- Installing: /home/agilex/limo_ros2_ws/src/limo_ros2/limo_bringup/install/limo_bringup/share/limo_bringup/environment/path.sh
-- Installing: /home/agilex/limo_ros2_ws/src/limo_ros2/limo_bringup/install/limo_bringup/share/limo_bringup/environment/path.dsv
-- Installing: /home/agilex/limo_ros2_ws/src/limo_ros2/limo_bringup/install/limo_bringup/share/limo_bringup/local_setup.bash
-- Installing: /home/agilex/limo_ros2_ws/src/limo_ros2/limo_bringup/install/limo_bringup/share/limo_bringup/local_setup.sh
-- Installing: /home/agilex/limo_ros2_ws/src/limo_ros2/limo_bringup/install/limo_bringup/share/limo_bringup/local_setup.zsh
-- Installing: /home/agilex/limo_ros2_ws/src/limo_ros2/limo_bringup/install/limo_bringup/share/limo_bringup/local_setup.dsv
-- Installing: /home/agilex/limo_ros2_ws/src/limo_ros2/limo_bringup/install/limo_bringup/share/limo_bringup/package.dsv
-- Installing: /home/agilex/limo_ros2_ws/src/limo_ros2/limo_bringup/install/limo_bringup/share/ament_index/resource_index/packages/limo_bringup
-- Installing: /home/agilex/limo_ros2_ws/src/limo_ros2/limo_bringup/install/limo_bringup/share/limo_bringup/cmake/limo_bringupConfig.cmake
-- Installing: /home/agilex/limo_ros2_ws/src/limo_ros2/limo_bringup/install/limo_bringup/share/limo_bringup/cmake/limo_bringupConfig-version.cmake
-- Installing: /home/agilex/limo_ros2_ws/src/limo_ros2/limo_bringup/install/limo_bringup/share/limo_bringup/package.xml
